[debug] [2025-06-11T02:19:20.130Z] ----------------------------------------------------------------------
[debug] [2025-06-11T02:19:20.133Z] Command:       C:\Program Files\nodejs\node.exe C:\Users\Miriam Nova\AppData\Roaming\npm\node_modules\firebase-tools\lib\bin\firebase.js init functions
[debug] [2025-06-11T02:19:20.134Z] CLI Version:   14.6.0
[debug] [2025-06-11T02:19:20.134Z] Platform:      win32
[debug] [2025-06-11T02:19:20.134Z] Node Version:  v22.13.0
[debug] [2025-06-11T02:19:20.134Z] Time:          Tue Jun 10 2025 23:19:20 GMT-0300 (Horário Padrão de Brasília)
[debug] [2025-06-11T02:19:20.134Z] ----------------------------------------------------------------------
[debug] 
[debug] [2025-06-11T02:19:20.137Z] >>> [apiv2][query] GET https://firebase-public.firebaseio.com/cli.json [none]
[debug] [2025-06-11T02:19:20.193Z] > command requires scopes: ["email","openid","https://www.googleapis.com/auth/cloudplatformprojects.readonly","https://www.googleapis.com/auth/firebase","https://www.googleapis.com/auth/cloud-platform"]
[debug] [2025-06-11T02:19:20.194Z] > authorizing via signed-in user (miriamslr92@gmail.com)
[info] 
     ######## #### ########  ######## ########     ###     ######  ########
     ##        ##  ##     ## ##       ##     ##  ##   ##  ##       ##
     ######    ##  ########  ######   ########  #########  ######  ######
     ##        ##  ##    ##  ##       ##     ## ##     ##       ## ##
     ##       #### ##     ## ######## ########  ##     ##  ######  ########

You're about to initialize a Firebase project in this directory:

  D:\MIRIAM DESIGN\Projetos\DR Dicas Rápidas Photoshop e afins\Link

[debug] [2025-06-11T02:19:20.520Z] <<< [apiv2][status] GET https://firebase-public.firebaseio.com/cli.json 200
[debug] [2025-06-11T02:19:20.521Z] <<< [apiv2][body] GET https://firebase-public.firebaseio.com/cli.json {"cloudBuildErrorAfter":1594252800000,"cloudBuildWarnAfter":1590019200000,"defaultNode10After":1594252800000,"minVersion":"3.0.5","node8DeploysDisabledAfter":1613390400000,"node8RuntimeDisabledAfter":1615809600000,"node8WarnAfter":1600128000000}
[info] 
=== Project Setup
[info] 
[info] First, let's associate this project directory with a Firebase project.
[info] You can create multiple project aliases by running firebase use --add, 
[info] but for now we'll just set up a default project.
[info] 
[debug] [2025-06-11T02:19:27.554Z] Checked if tokens are valid: false, expires at: 1749492111575
[debug] [2025-06-11T02:19:27.554Z] Checked if tokens are valid: false, expires at: 1749492111575
[debug] [2025-06-11T02:19:27.554Z] > refreshing access token with scopes: []
[debug] [2025-06-11T02:19:27.555Z] >>> [apiv2][query] POST https://www.googleapis.com/oauth2/v3/token [none]
[debug] [2025-06-11T02:19:27.555Z] >>> [apiv2][body] POST https://www.googleapis.com/oauth2/v3/token [omitted]
[debug] [2025-06-11T02:19:27.900Z] <<< [apiv2][status] POST https://www.googleapis.com/oauth2/v3/token 200
[debug] [2025-06-11T02:19:27.900Z] <<< [apiv2][body] POST https://www.googleapis.com/oauth2/v3/token [omitted]
[debug] [2025-06-11T02:19:27.907Z] >>> [apiv2][query] GET https://firebase.googleapis.com/v1beta1/projects pageSize=100
[debug] [2025-06-11T02:19:28.906Z] <<< [apiv2][status] GET https://firebase.googleapis.com/v1beta1/projects 200
[debug] [2025-06-11T02:19:28.907Z] <<< [apiv2][body] GET https://firebase.googleapis.com/v1beta1/projects [omitted]
[debug] [2025-06-11T02:19:39.646Z] ExitPromptError: User force closed the prompt with SIGINT
    at Interface.sigint (C:\Users\Miriam Nova\AppData\Roaming\npm\node_modules\firebase-tools\node_modules\@inquirer\core\dist\commonjs\lib\create-prompt.js:101:37)
    at Interface.emit (node:events:524:28)
    at Interface.emit (node:domain:489:12)
    at [_ttyWrite] [as _ttyWrite] (node:internal/readline/interface:1124:18)
    at ReadStream.onkeypress (node:internal/readline/interface:263:20)
    at ReadStream.emit (node:events:536:35)
    at ReadStream.emit (node:domain:489:12)
    at emitKeys (node:internal/readline/utils:370:14)
    at emitKeys.next (<anonymous>)
    at ReadStream.onData (node:internal/readline/emitKeypressEvents:64:36)
[error] 
[error] Error: An unexpected error has occurred.
